<?xml version="1.0" encoding="UTF-8"?>
<!-- Generated by org.testng.reporters.JUnitReportReporter -->
<testsuite hostname="DHANOJs-MacBook-Air.local" failures="0" tests="3" name="tests.EmployeeTest" time="40.021" errors="0" timestamp="2026-09-21T21:27:34 IST" skipped="0">
  <testcase classname="tests.EmployeeTest" name="verifyEmployeeTest" time="13.293"/>
  <testcase classname="tests.EmployeeTest" name="verifyEmployeeTest" time="14.120"/>
  <testcase classname="tests.EmployeeTest" name="verifyEmployeeTest" time="12.608"/>
</testsuite> <!-- tests.EmployeeTest -->
