<?xml version="1.0" encoding="UTF-8"?>
<!-- Generated by org.testng.reporters.JUnitXMLReporter -->
<testsuite ignored="0" hostname="DHANOJs-MacBook-Air.local" failures="0" tests="3" name="Default test" time="38.899" errors="0" timestamp="2026-09-21T21:25:03 IST">
  <testcase classname="tests.EmployeeTest" name="verifyEmployeeTest" time="8.899"/>
  <testcase classname="tests.EmployeeTest" name="verifyEmployeeTest" time="9.193"/>
  <testcase classname="tests.EmployeeTest" name="verifyEmployeeTest" time="9.312"/>
</testsuite> <!-- Default test -->
