<?xml version="1.0" encoding="UTF-8"?>
<testng-results ignored="0" total="1" passed="1" failed="0" skipped="0">
  <reporter-output>
  </reporter-output>
  <suite started-at="2026-09-19T18:24:31 IST" name="Default suite" finished-at="2026-09-19T18:24:46 IST" duration-ms="14824">
    <groups>
    </groups>
    <test started-at="2026-09-19T18:24:31 IST" name="Default test" finished-at="2026-09-19T18:24:46 IST" duration-ms="14824">
      <class name="tests.PimTest">
        <test-method is-config="true" signature="setUp()[pri:0, instance:tests.PimTest@188715b5]" started-at="2026-09-19T18:24:31 IST" name="setUp" finished-at="2026-09-19T18:24:36 IST" duration-ms="4857" status="PASS">
          <reporter-output>
          </reporter-output>
        </test-method> <!-- setUp -->
        <test-method signature="verifAdminPage()[pri:0, instance:tests.PimTest@188715b5]" started-at="2026-09-19T18:24:36 IST" name="verifAdminPage" finished-at="2026-09-19T18:24:46 IST" duration-ms="9954" status="PASS">
          <reporter-output>
          </reporter-output>
        </test-method> <!-- verifAdminPage -->
        <test-method is-config="true" signature="tearDown()[pri:0, instance:tests.PimTest@188715b5]" started-at="2026-09-19T18:24:46 IST" name="tearDown" finished-at="2026-09-19T18:24:46 IST" duration-ms="0" status="PASS">
          <reporter-output>
          </reporter-output>
        </test-method> <!-- tearDown -->
      </class> <!-- tests.PimTest -->
    </test> <!-- Default test -->
  </suite> <!-- Default suite -->
</testng-results>
