<?xml version="1.0" encoding="UTF-8"?>
<testng-results ignored="0" total="5" passed="5" failed="0" skipped="0">
  <reporter-output>
  </reporter-output>
  <suite started-at="2026-09-21T21:26:39 IST" name="OrangeHRM Automation Suite" finished-at="2026-09-21T21:27:34 IST" duration-ms="54792">
    <groups>
      <group name="smoke">
        <method signature="LoginTest.verifyLogin()[pri:0, instance:tests.LoginTest@61862a7f]" name="verifyLogin" class="tests.LoginTest"/>
      </group> <!-- smoke -->
    </groups>
    <test started-at="2026-09-21T21:26:39 IST" name="Smoke Tests" finished-at="2026-09-21T21:27:34 IST" duration-ms="54792">
      <class name="tests.LoginTest">
        <test-method is-config="true" signature="setUp()[pri:0, instance:tests.LoginTest@61862a7f]" started-at="2026-09-21T21:26:39 IST" name="setUp" finished-at="2026-09-21T21:26:42 IST" duration-ms="3424" status="PASS">
          <reporter-output>
          </reporter-output>
        </test-method> <!-- setUp -->
        <test-method signature="verifyLogin()[pri:0, instance:tests.LoginTest@61862a7f]" started-at="2026-09-21T21:26:42 IST" name="verifyLogin" finished-at="2026-09-21T21:26:44 IST" duration-ms="1946" status="PASS">
          <reporter-output>
          </reporter-output>
        </test-method> <!-- verifyLogin -->
        <test-method is-config="true" signature="tearDown()[pri:0, instance:tests.LoginTest@61862a7f]" started-at="2026-09-21T21:26:44 IST" name="tearDown" finished-at="2026-09-21T21:26:44 IST" duration-ms="90" status="PASS">
          <reporter-output>
          </reporter-output>
        </test-method> <!-- tearDown -->
      </class> <!-- tests.LoginTest -->
      <class name="tests.AdminTest">
        <test-method is-config="true" signature="setUp()[pri:0, instance:tests.AdminTest@7ec7ffd3]" started-at="2026-09-21T21:26:44 IST" name="setUp" finished-at="2026-09-21T21:26:50 IST" duration-ms="5594" status="PASS">
          <reporter-output>
          </reporter-output>
        </test-method> <!-- setUp -->
        <test-method signature="verifAdminPage()[pri:0, instance:tests.AdminTest@7ec7ffd3]" started-at="2026-09-21T21:26:50 IST" name="verifAdminPage" finished-at="2026-09-21T21:26:54 IST" duration-ms="3608" status="PASS">
          <reporter-output>
          </reporter-output>
        </test-method> <!-- verifAdminPage -->
        <test-method is-config="true" signature="tearDown()[pri:0, instance:tests.AdminTest@7ec7ffd3]" started-at="2026-09-21T21:26:54 IST" name="tearDown" finished-at="2026-09-21T21:26:54 IST" duration-ms="89" status="PASS">
          <reporter-output>
          </reporter-output>
        </test-method> <!-- tearDown -->
      </class> <!-- tests.AdminTest -->
      <class name="tests.EmployeeTest">
        <test-method is-config="true" signature="setUp()[pri:0, instance:tests.EmployeeTest@5b239d7d]" started-at="2026-09-21T21:26:54 IST" name="setUp" finished-at="2026-09-21T21:26:57 IST" duration-ms="3073" status="PASS">
          <reporter-output>
          </reporter-output>
        </test-method> <!-- setUp -->
        <test-method signature="verifyEmployeeTest(java.lang.String,java.lang.String)[pri:0, instance:tests.EmployeeTest@5b239d7d]" started-at="2026-09-21T21:26:57 IST" name="verifyEmployeeTest" data-provider="EmployeeData" finished-at="2026-09-21T21:27:06 IST" duration-ms="9658" status="PASS">
          <params>
            <param index="0">
              <value>
                <![CDATA[Dhanoj]]>
              </value>
            </param>
            <param index="1">
              <value>
                <![CDATA[Singh]]>
              </value>
            </param>
          </params>
          <reporter-output>
          </reporter-output>
        </test-method> <!-- verifyEmployeeTest -->
        <test-method is-config="true" signature="tearDown()[pri:0, instance:tests.EmployeeTest@5b239d7d]" started-at="2026-09-21T21:27:06 IST" name="tearDown" finished-at="2026-09-21T21:27:06 IST" duration-ms="91" status="PASS">
          <reporter-output>
          </reporter-output>
        </test-method> <!-- tearDown -->
        <test-method is-config="true" signature="setUp()[pri:0, instance:tests.EmployeeTest@5b239d7d]" started-at="2026-09-21T21:27:06 IST" name="setUp" finished-at="2026-09-21T21:27:10 IST" duration-ms="3152" status="PASS">
          <reporter-output>
          </reporter-output>
        </test-method> <!-- setUp -->
        <test-method signature="verifyEmployeeTest(java.lang.String,java.lang.String)[pri:0, instance:tests.EmployeeTest@5b239d7d]" started-at="2026-09-21T21:27:10 IST" name="verifyEmployeeTest" data-provider="EmployeeData" finished-at="2026-09-21T21:27:19 IST" duration-ms="9444" status="PASS">
          <params>
            <param index="0">
              <value>
                <![CDATA[Sahil]]>
              </value>
            </param>
            <param index="1">
              <value>
                <![CDATA[Kumar]]>
              </value>
            </param>
          </params>
          <reporter-output>
          </reporter-output>
        </test-method> <!-- verifyEmployeeTest -->
        <test-method is-config="true" signature="tearDown()[pri:0, instance:tests.EmployeeTest@5b239d7d]" started-at="2026-09-21T21:27:19 IST" name="tearDown" finished-at="2026-09-21T21:27:19 IST" duration-ms="91" status="PASS">
          <reporter-output>
          </reporter-output>
        </test-method> <!-- tearDown -->
        <test-method is-config="true" signature="setUp()[pri:0, instance:tests.EmployeeTest@5b239d7d]" started-at="2026-09-21T21:27:19 IST" name="setUp" finished-at="2026-09-21T21:27:23 IST" duration-ms="4369" status="PASS">
          <reporter-output>
          </reporter-output>
        </test-method> <!-- setUp -->
        <test-method signature="verifyEmployeeTest(java.lang.String,java.lang.String)[pri:0, instance:tests.EmployeeTest@5b239d7d]" started-at="2026-09-21T21:27:23 IST" name="verifyEmployeeTest" data-provider="EmployeeData" finished-at="2026-09-21T21:27:34 IST" duration-ms="10050" status="PASS">
          <params>
            <param index="0">
              <value>
                <![CDATA[Kapil]]>
              </value>
            </param>
            <param index="1">
              <value>
                <![CDATA[Sharma]]>
              </value>
            </param>
          </params>
          <reporter-output>
          </reporter-output>
        </test-method> <!-- verifyEmployeeTest -->
        <test-method is-config="true" signature="tearDown()[pri:0, instance:tests.EmployeeTest@5b239d7d]" started-at="2026-09-21T21:27:34 IST" name="tearDown" finished-at="2026-09-21T21:27:34 IST" duration-ms="93" status="PASS">
          <reporter-output>
          </reporter-output>
        </test-method> <!-- tearDown -->
      </class> <!-- tests.EmployeeTest -->
    </test> <!-- Smoke Tests -->
  </suite> <!-- OrangeHRM Automation Suite -->
</testng-results>
