<?xml version="1.0" encoding="UTF-8"?>
<!-- Generated by org.testng.reporters.JUnitXMLReporter -->
<testsuite ignored="0" hostname="DHANOJs-MacBook-Air.local" failures="0" tests="5" name="Smoke Tests" time="54.792" errors="0" timestamp="2026-09-21T21:27:34 IST">
  <testcase classname="tests.LoginTest" name="verifyLogin" time="1.946"/>
  <testcase classname="tests.AdminTest" name="verifAdminPage" time="3.608"/>
  <testcase classname="tests.EmployeeTest" name="verifyEmployeeTest" time="9.658"/>
  <testcase classname="tests.EmployeeTest" name="verifyEmployeeTest" time="9.444"/>
  <testcase classname="tests.EmployeeTest" name="verifyEmployeeTest" time="10.05"/>
</testsuite> <!-- Smoke Tests -->
