<?xml version="1.0" encoding="UTF-8"?>
<!-- Generated by org.testng.reporters.JUnitXMLReporter -->
<testsuite ignored="0" hostname="DHANOJs-MacBook-Air.local" failures="1" tests="3" name="Smoke Tests" time="40.354" errors="0" timestamp="2026-09-19T18:18:54 IST">
  <testcase classname="tests.LoginTest" name="verifyLogin" time="1.717"/>
  <testcase classname="tests.AdminTest" name="verifAdminPage" time="5.77"/>
  <testcase classname="tests.PimTest" name="verifAdminPage" time="0.78">
    <failure type="java.lang.NullPointerException" message="Cannot invoke &amp;quot;org.openqa.selenium.WebElement.isDisplayed()&amp;quot; because &amp;quot;this.val$element&amp;quot; is null">
      <![CDATA[java.lang.NullPointerException: Cannot invoke "org.openqa.selenium.WebElement.isDisplayed()" because "this.val$element" is null
at org.openqa.selenium.support.ui.ExpectedConditions$23.apply(ExpectedConditions.java:793)
at org.openqa.selenium.support.ui.ExpectedConditions$23.apply(ExpectedConditions.java:786)
at org.openqa.selenium.support.ui.FluentWait.until(FluentWait.java:210)
at utils.WaitUtils.waitForElementClickable(WaitUtils.java:29)
at pages.PimPage.clickPIM(PimPage.java:43)
at tests.PimTest.verifAdminPage(PimTest.java:27)
at java.base/java.util.ArrayList.forEach(ArrayList.java:1604)
... Removed 25 stack frames]]>
    </failure>
  </testcase> <!-- verifAdminPage -->
</testsuite> <!-- Smoke Tests -->
